# JRE version: OpenJDK Runtime Environment Temurin-25.0.3+9 (25.0.3+9) (build 25.0.3+9-LTS)
# Java VM: OpenJDK 64-Bit Server VM Temurin-25.0.3+9 (25.0.3+9-LTS, mixed mode, sharing, tiered, compressed oops, compressed class ptrs, g1 gc, windows-amd64)
GC Precious Log:
 CardTable entry size: 512
 Card Set container configuration: InlinePtr #cards 4 size 8 Array Of Cards #cards 16 size 48 Howl #buckets 8 coarsen threshold 3686 Howl Bitmap #cards 512 size 80 coarsen threshold 460 Card regions per heap region 1 cards per card region 4096
 CPUs: 8 total, 8 available
 Memory: 8089M
 Large Page Support: Disabled
 NUMA Support: Disabled
 Compressed Oops: Enabled (Zero based)
 Heap Region Size: 2M
 Heap Min Capacity: 8M
 Heap Initial Capacity: 128M
 Heap Max Capacity: 4G
 Pre-touch: Disabled
 Parallel Workers: 8
 Concurrent Workers: 2
 Concurrent Refinement Workers: 8
 Periodic GC: Disabled
Heap:
 garbage-first heap   total reserved 4194304K, committed 317440K, used 283494K [0x0000000700000000, 0x0000000800000000)
  region size 2048K, 88 young (180224K), 6 survivors (12288K)
GC Heap Usage History (20 events):
Event: 22.788 {heap Before GC invocations=35 (full 0):
 garbage-first heap   total reserved 4194304K, committed 256000K, used 219392K [0x0000000700000000, 0x0000000800000000)
  region size 2048K, 43 young (88064K), 5 survivors (10240K)
}
Event: 22.801 {heap After GC invocations=36 (full 0):
 garbage-first heap   total reserved 4194304K, committed 256000K, used 149896K [0x0000000700000000, 0x0000000800000000)
  region size 2048K, 4 young (8192K), 4 survivors (8192K)
}
Event: 55.507 {heap Before GC invocations=36 (full 0):
 garbage-first heap   total reserved 4194304K, committed 256000K, used 203144K [0x0000000700000000, 0x0000000800000000)
  region size 2048K, 31 young (63488K), 4 survivors (8192K)
}
Event: 55.515 {heap After GC invocations=37 (full 0):
 garbage-first heap   total reserved 4194304K, committed 256000K, used 153457K [0x0000000700000000, 0x0000000800000000)
  region size 2048K, 2 young (4096K), 2 survivors (4096K)
}
Event: 55.862 {heap Before GC invocations=38 (full 0):
 garbage-first heap   total reserved 4194304K, committed 264192K, used 231281K [0x0000000700000000, 0x0000000800000000)
  region size 2048K, 39 young (79872K), 2 survivors (4096K)
}
Event: 55.866 {heap After GC invocations=39 (full 0):
 garbage-first heap   total reserved 4194304K, committed 264192K, used 158928K [0x0000000700000000, 0x0000000800000000)
  region size 2048K, 3 young (6144K), 3 survivors (6144K)
}
Event: 56.188 {heap Before GC invocations=39 (full 0):
 garbage-first heap   total reserved 4194304K, committed 264192K, used 238800K [0x0000000700000000, 0x0000000800000000)
  region size 2048K, 42 young (86016K), 3 survivors (6144K)
}
Event: 56.193 {heap After GC invocations=40 (full 0):
 garbage-first heap   total reserved 4194304K, committed 264192K, used 133146K [0x0000000700000000, 0x0000000800000000)
  region size 2048K, 4 young (8192K), 4 survivors (8192K)
}
Event: 56.593 {heap Before GC invocations=40 (full 0):
 garbage-first heap   total reserved 4194304K, committed 264192K, used 229402K [0x0000000700000000, 0x0000000800000000)
  region size 2048K, 52 young (106496K), 4 survivors (8192K)
}
Event: 56.602 {heap After GC invocations=41 (full 0):
 garbage-first heap   total reserved 4194304K, committed 317440K, used 118754K [0x0000000700000000, 0x0000000800000000)
  region size 2048K, 5 young (10240K), 5 survivors (10240K)
}
Event: 57.458 {heap Before GC invocations=41 (full 0):
 garbage-first heap   total reserved 4194304K, committed 317440K, used 294882K [0x0000000700000000, 0x0000000800000000)
  region size 2048K, 90 young (184320K), 5 survivors (10240K)
}
Event: 57.464 {heap After GC invocations=42 (full 0):
 garbage-first heap   total reserved 4194304K, committed 317440K, used 119525K [0x0000000700000000, 0x0000000800000000)
  region size 2048K, 4 young (8192K), 4 survivors (8192K)
}
Event: 57.833 {heap Before GC invocations=42 (full 0):
 garbage-first heap   total reserved 4194304K, committed 317440K, used 293605K [0x0000000700000000, 0x0000000800000000)
  region size 2048K, 90 young (184320K), 4 survivors (8192K)
}
Event: 57.838 {heap After GC invocations=43 (full 0):
 garbage-first heap   total reserved 4194304K, committed 317440K, used 117476K [0x0000000700000000, 0x0000000800000000)
  region size 2048K, 4 young (8192K), 4 survivors (8192K)
}
Event: 58.516 {heap Before GC invocations=43 (full 0):
 garbage-first heap   total reserved 4194304K, committed 317440K, used 297700K [0x0000000700000000, 0x0000000800000000)
  region size 2048K, 92 young (188416K), 4 survivors (8192K)
}
Event: 58.523 {heap After GC invocations=44 (full 0):
 garbage-first heap   total reserved 4194304K, committed 317440K, used 117422K [0x0000000700000000, 0x0000000800000000)
  region size 2048K, 4 young (8192K), 4 survivors (8192K)
}
Event: 60.020 {heap Before GC invocations=45 (full 0):
 garbage-first heap   total reserved 4194304K, committed 317440K, used 297646K [0x0000000700000000, 0x0000000800000000)
  region size 2048K, 92 young (188416K), 4 survivors (8192K)
}
Event: 60.027 {heap After GC invocations=46 (full 0):
 garbage-first heap   total reserved 4194304K, committed 317440K, used 120438K [0x0000000700000000, 0x0000000800000000)
  region size 2048K, 5 young (10240K), 5 survivors (10240K)
}
Event: 67.480 {heap Before GC invocations=46 (full 0):
 garbage-first heap   total reserved 4194304K, committed 317440K, used 298614K [0x0000000700000000, 0x0000000800000000)
  region size 2048K, 92 young (188416K), 5 survivors (10240K)
}
Event: 67.493 {heap After GC invocations=47 (full 0):
 garbage-first heap   total reserved 4194304K, committed 317440K, used 119654K [0x0000000700000000, 0x0000000800000000)
  region size 2048K, 6 young (12288K), 6 survivors (12288K)
}

