# JRE version: OpenJDK Runtime Environment Temurin-21.0.12.1+1 (21.0.12.1+1) (build 21.0.12.1+1-LTS)
# Java VM: OpenJDK 64-Bit Server VM Temurin-21.0.12.1+1 (21.0.12.1+1-LTS, mixed mode, sharing, tiered, compressed oops, compressed class ptrs, parallel gc, windows-amd64)
GC Precious Log:
 CardTable entry size: 512
 CPUs: 8 total, 8 available
 Memory: 8089M
 Large Page Support: Disabled
 NUMA Support: Disabled
 Compressed Oops: Enabled (32-bit)
 Alignments: Space 512K, Generation 512K, Heap 2M
 Heap Min Capacity: 100M
 Heap Initial Capacity: 100M
 Heap Max Capacity: 2G
 Pre-touch: Disabled
 Parallel Workers: 8
Heap:
 PSYoungGen      total 2560K, used 1613K [0x00000000d5580000, 0x00000000d5a80000, 0x0000000100000000)
  eden space 2048K, 61% used [0x00000000d5580000,0x00000000d56bb660,0x00000000d5780000)
  from space 512K, 68% used [0x00000000d5780000,0x00000000d57d8000,0x00000000d5800000)
  to   space 1024K, 0% used [0x00000000d5980000,0x00000000d5980000,0x00000000d5a80000)
 ParOldGen       total 860160K, used 859949K [0x0000000080000000, 0x00000000b4800000, 0x00000000d5580000)
  object space 860160K, 99% used [0x0000000080000000,0x00000000b47cb460,0x00000000b4800000)
 Metaspace       used 80564K, committed 82112K, reserved 1179648K
  class space    used 9841K, committed 10560K, reserved 1048576K
GC Heap History (20 events):
Event: 720.162 GC heap before
{Heap before GC invocations=1135 (full 3):
 PSYoungGen      total 5632K, used 5440K [0x00000000d5580000, 0x00000000d5c00000, 0x0000000100000000)
  eden space 5120K, 100% used [0x00000000d5580000,0x00000000d5a80000,0x00000000d5a80000)
  from space 512K, 62% used [0x00000000d5b00000,0x00000000d5b50000,0x00000000d5b80000)
  to   space 512K, 0% used [0x00000000d5b80000,0x00000000d5b80000,0x00000000d5c00000)
 ParOldGen       total 855040K, used 854768K [0x0000000080000000, 0x00000000b4300000, 0x00000000d5580000)
  object space 855040K, 99% used [0x0000000080000000,0x00000000b42bc260,0x00000000b4300000)
 Metaspace       used 80165K, committed 81728K, reserved 1179648K
  class space    used 9802K, committed 10496K, reserved 1048576K
}
Event: 720.168 GC heap after
{Heap after GC invocations=1135 (full 3):
 PSYoungGen      total 5632K, used 224K [0x00000000d5580000, 0x00000000d5c00000, 0x0000000100000000)
  eden space 5120K, 0% used [0x00000000d5580000,0x00000000d5580000,0x00000000d5a80000)
  from space 512K, 43% used [0x00000000d5b80000,0x00000000d5bb8000,0x00000000d5c00000)
  to   space 512K, 0% used [0x00000000d5b00000,0x00000000d5b00000,0x00000000d5b80000)
 ParOldGen       total 855040K, used 854925K [0x0000000080000000, 0x00000000b4300000, 0x00000000d5580000)
  object space 855040K, 99% used [0x0000000080000000,0x00000000b42e3470,0x00000000b4300000)
 Metaspace       used 80165K, committed 81728K, reserved 1179648K
  class space    used 9802K, committed 10496K, reserved 1048576K
}
Event: 725.729 GC heap before
{Heap before GC invocations=1136 (full 3):
 PSYoungGen      total 5632K, used 5344K [0x00000000d5580000, 0x00000000d5c00000, 0x0000000100000000)
  eden space 5120K, 100% used [0x00000000d5580000,0x00000000d5a80000,0x00000000d5a80000)
  from space 512K, 43% used [0x00000000d5b80000,0x00000000d5bb8000,0x00000000d5c00000)
  to   space 512K, 0% used [0x00000000d5b00000,0x00000000d5b00000,0x00000000d5b80000)
 ParOldGen       total 855040K, used 854925K [0x0000000080000000, 0x00000000b4300000, 0x00000000d5580000)
  object space 855040K, 99% used [0x0000000080000000,0x00000000b42e3470,0x00000000b4300000)
 Metaspace       used 80209K, committed 81728K, reserved 1179648K
  class space    used 9802K, committed 10496K, reserved 1048576K
}
Event: 725.733 GC heap after
{Heap after GC invocations=1136 (full 3):
 PSYoungGen      total 5632K, used 192K [0x00000000d5580000, 0x00000000d5c00000, 0x0000000100000000)
  eden space 5120K, 0% used [0x00000000d5580000,0x00000000d5580000,0x00000000d5a80000)
  from space 512K, 37% used [0x00000000d5b00000,0x00000000d5b30000,0x00000000d5b80000)
  to   space 512K, 0% used [0x00000000d5b80000,0x00000000d5b80000,0x00000000d5c00000)
 ParOldGen       total 855040K, used 854973K [0x0000000080000000, 0x00000000b4300000, 0x00000000d5580000)
  object space 855040K, 99% used [0x0000000080000000,0x00000000b42ef470,0x00000000b4300000)
 Metaspace       used 80209K, committed 81728K, reserved 1179648K
  class space    used 9802K, committed 10496K, reserved 1048576K
}
Event: 728.368 GC heap before
{Heap before GC invocations=1137 (full 3):
 PSYoungGen      total 5632K, used 5312K [0x00000000d5580000, 0x00000000d5c00000, 0x0000000100000000)
  eden space 5120K, 100% used [0x00000000d5580000,0x00000000d5a80000,0x00000000d5a80000)
  from space 512K, 37% used [0x00000000d5b00000,0x00000000d5b30000,0x00000000d5b80000)
  to   space 512K, 0% used [0x00000000d5b80000,0x00000000d5b80000,0x00000000d5c00000)
 ParOldGen       total 855040K, used 854973K [0x0000000080000000, 0x00000000b4300000, 0x00000000d5580000)
  object space 855040K, 99% used [0x0000000080000000,0x00000000b42ef470,0x00000000b4300000)
 Metaspace       used 80232K, committed 81792K, reserved 1179648K
  class space    used 9802K, committed 10496K, reserved 1048576K
}
Event: 728.381 GC heap after
{Heap after GC invocations=1137 (full 3):
 PSYoungGen      total 5632K, used 256K [0x00000000d5580000, 0x00000000d5c00000, 0x0000000100000000)
  eden space 5120K, 0% used [0x00000000d5580000,0x00000000d5580000,0x00000000d5a80000)
  from space 512K, 50% used [0x00000000d5b80000,0x00000000d5bc0000,0x00000000d5c00000)
  to   space 512K, 0% used [0x00000000d5b00000,0x00000000d5b00000,0x00000000d5b80000)
 ParOldGen       total 855040K, used 855013K [0x0000000080000000, 0x00000000b4300000, 0x00000000d5580000)
  object space 855040K, 99% used [0x0000000080000000,0x00000000b42f9470,0x00000000b4300000)
 Metaspace       used 80232K, committed 81792K, reserved 1179648K
  class space    used 9802K, committed 10496K, reserved 1048576K
}
Event: 735.546 GC heap before
{Heap before GC invocations=1138 (full 3):
 PSYoungGen      total 5632K, used 5314K [0x00000000d5580000, 0x00000000d5c00000, 0x0000000100000000)
  eden space 5120K, 98% used [0x00000000d5580000,0x00000000d5a709d8,0x00000000d5a80000)
  from space 512K, 50% used [0x00000000d5b80000,0x00000000d5bc0000,0x00000000d5c00000)
  to   space 512K, 0% used [0x00000000d5b00000,0x00000000d5b00000,0x00000000d5b80000)
 ParOldGen       total 855040K, used 855013K [0x0000000080000000, 0x00000000b4300000, 0x00000000d5580000)
  object space 855040K, 99% used [0x0000000080000000,0x00000000b42f9470,0x00000000b4300000)
 Metaspace       used 80253K, committed 81792K, reserved 1179648K
  class space    used 9803K, committed 10496K, reserved 1048576K
}
Event: 735.551 GC heap after
{Heap after GC invocations=1138 (full 3):
 PSYoungGen      total 5632K, used 448K [0x00000000d5580000, 0x00000000d5c00000, 0x0000000100000000)
  eden space 5120K, 0% used [0x00000000d5580000,0x00000000d5580000,0x00000000d5a80000)
  from space 512K, 87% used [0x00000000d5b00000,0x00000000d5b70030,0x00000000d5b80000)
  to   space 512K, 0% used [0x00000000d5b80000,0x00000000d5b80000,0x00000000d5c00000)
 ParOldGen       total 855040K, used 855037K [0x0000000080000000, 0x00000000b4300000, 0x00000000d5580000)
  object space 855040K, 99% used [0x0000000080000000,0x00000000b42ff470,0x00000000b4300000)
 Metaspace       used 80253K, committed 81792K, reserved 1179648K
  class space    used 9803K, committed 10496K, reserved 1048576K
}
Event: 735.675 GC heap before
{Heap before GC invocations=1139 (full 3):
 PSYoungGen      total 5632K, used 5549K [0x00000000d5580000, 0x00000000d5c00000, 0x0000000100000000)
  eden space 5120K, 99% used [0x00000000d5580000,0x00000000d5a7b5b0,0x00000000d5a80000)
  from space 512K, 87% used [0x00000000d5b00000,0x00000000d5b70030,0x00000000d5b80000)
  to   space 512K, 0% used [0x00000000d5b80000,0x00000000d5b80000,0x00000000d5c00000)
 ParOldGen       total 855040K, used 855037K [0x0000000080000000, 0x00000000b4300000, 0x00000000d5580000)
  object space 855040K, 99% used [0x0000000080000000,0x00000000b42ff470,0x00000000b4300000)
 Metaspace       used 80253K, committed 81792K, reserved 1179648K
  class space    used 9803K, committed 10496K, reserved 1048576K
}
Event: 735.678 GC heap after
{Heap after GC invocations=1139 (full 3):
 PSYoungGen      total 3584K, used 496K [0x00000000d5580000, 0x00000000d6080000, 0x0000000100000000)
  eden space 3072K, 0% used [0x00000000d5580000,0x00000000d5580000,0x00000000d5880000)
  from space 512K, 96% used [0x00000000d5b80000,0x00000000d5bfc070,0x00000000d5c00000)
  to   space 3072K, 0% used [0x00000000d5880000,0x00000000d5880000,0x00000000d5b80000)
 ParOldGen       total 857088K, used 856863K [0x0000000080000000, 0x00000000b4500000, 0x00000000d5580000)
  object space 857088K, 99% used [0x0000000080000000,0x00000000b44c7c20,0x00000000b4500000)
 Metaspace       used 80253K, committed 81792K, reserved 1179648K
  class space    used 9803K, committed 10496K, reserved 1048576K
}
Event: 735.760 GC heap before
{Heap before GC invocations=1140 (full 3):
 PSYoungGen      total 3584K, used 3568K [0x00000000d5580000, 0x00000000d6080000, 0x0000000100000000)
  eden space 3072K, 100% used [0x00000000d5580000,0x00000000d5880000,0x00000000d5880000)
  from space 512K, 96% used [0x00000000d5b80000,0x00000000d5bfc070,0x00000000d5c00000)
  to   space 3072K, 0% used [0x00000000d5880000,0x00000000d5880000,0x00000000d5b80000)
 ParOldGen       total 857088K, used 856863K [0x0000000080000000, 0x00000000b4500000, 0x00000000d5580000)
  object space 857088K, 99% used [0x0000000080000000,0x00000000b44c7c20,0x00000000b4500000)
 Metaspace       used 80319K, committed 81856K, reserved 1179648K
  class space    used 9812K, committed 10496K, reserved 1048576K
}
Event: 735.765 GC heap after
{Heap after GC invocations=1140 (full 3):
 PSYoungGen      total 3584K, used 320K [0x00000000d5580000, 0x00000000d5c00000, 0x0000000100000000)
  eden space 3072K, 0% used [0x00000000d5580000,0x00000000d5580000,0x00000000d5880000)
  from space 512K, 62% used [0x00000000d5880000,0x00000000d58d0000,0x00000000d5900000)
  to   space 1536K, 0% used [0x00000000d5a80000,0x00000000d5a80000,0x00000000d5c00000)
 ParOldGen       total 857600K, used 857159K [0x0000000080000000, 0x00000000b4580000, 0x00000000d5580000)
  object space 857600K, 99% used [0x0000000080000000,0x00000000b4511c20,0x00000000b4580000)
 Metaspace       used 80319K, committed 81856K, reserved 1179648K
  class space    used 9812K, committed 10496K, reserved 1048576K
}
Event: 735.799 GC heap before
{Heap before GC invocations=1141 (full 3):
 PSYoungGen      total 3584K, used 3392K [0x00000000d5580000, 0x00000000d5c00000, 0x0000000100000000)
  eden space 3072K, 100% used [0x00000000d5580000,0x00000000d5880000,0x00000000d5880000)
  from space 512K, 62% used [0x00000000d5880000,0x00000000d58d0000,0x00000000d5900000)
  to   space 1536K, 0% used [0x00000000d5a80000,0x00000000d5a80000,0x00000000d5c00000)
 ParOldGen       total 857600K, used 857159K [0x0000000080000000, 0x00000000b4580000, 0x00000000d5580000)
  object space 857600K, 99% used [0x0000000080000000,0x00000000b4511c20,0x00000000b4580000)
 Metaspace       used 80429K, committed 81984K, reserved 1179648K
  class space    used 9831K, committed 10560K, reserved 1048576K
}
Event: 735.803 GC heap after
{Heap after GC invocations=1141 (full 3):
 PSYoungGen      total 4608K, used 1112K [0x00000000d5580000, 0x00000000d5c00000, 0x0000000100000000)
  eden space 3072K, 0% used [0x00000000d5580000,0x00000000d5580000,0x00000000d5880000)
  from space 1536K, 72% used [0x00000000d5a80000,0x00000000d5b96020,0x00000000d5c00000)
  to   space 1536K, 0% used [0x00000000d5900000,0x00000000d5900000,0x00000000d5a80000)
 ParOldGen       total 857600K, used 857351K [0x0000000080000000, 0x00000000b4580000, 0x00000000d5580000)
  object space 857600K, 99% used [0x0000000080000000,0x00000000b4541c20,0x00000000b4580000)
 Metaspace       used 80429K, committed 81984K, reserved 1179648K
  class space    used 9831K, committed 10560K, reserved 1048576K
}
Event: 735.876 GC heap before
{Heap before GC invocations=1142 (full 3):
 PSYoungGen      total 4608K, used 4184K [0x00000000d5580000, 0x00000000d5c00000, 0x0000000100000000)
  eden space 3072K, 100% used [0x00000000d5580000,0x00000000d5880000,0x00000000d5880000)
  from space 1536K, 72% used [0x00000000d5a80000,0x00000000d5b96020,0x00000000d5c00000)
  to   space 1536K, 0% used [0x00000000d5900000,0x00000000d5900000,0x00000000d5a80000)
 ParOldGen       total 857600K, used 857351K [0x0000000080000000, 0x00000000b4580000, 0x00000000d5580000)
  object space 857600K, 99% used [0x0000000080000000,0x00000000b4541c20,0x00000000b4580000)
 Metaspace       used 80521K, committed 82112K, reserved 1179648K
  class space    used 9840K, committed 10560K, reserved 1048576K
}
Event: 735.879 GC heap after
{Heap after GC invocations=1142 (full 3):
 PSYoungGen      total 4096K, used 966K [0x00000000d5580000, 0x00000000d5b00000, 0x0000000100000000)
  eden space 3072K, 0% used [0x00000000d5580000,0x00000000d5580000,0x00000000d5880000)
  from space 1024K, 94% used [0x00000000d5900000,0x00000000d59f1830,0x00000000d5a00000)
  to   space 1024K, 0% used [0x00000000d5a00000,0x00000000d5a00000,0x00000000d5b00000)
 ParOldGen       total 858112K, used 857903K [0x0000000080000000, 0x00000000b4600000, 0x00000000d5580000)
  object space 858112K, 99% used [0x0000000080000000,0x00000000b45cbc20,0x00000000b4600000)
 Metaspace       used 80521K, committed 82112K, reserved 1179648K
  class space    used 9840K, committed 10560K, reserved 1048576K
}
Event: 735.891 GC heap before
{Heap before GC invocations=1143 (full 3):
 PSYoungGen      total 4096K, used 4038K [0x00000000d5580000, 0x00000000d5b00000, 0x0000000100000000)
  eden space 3072K, 99% used [0x00000000d5580000,0x00000000d587fff0,0x00000000d5880000)
  from space 1024K, 94% used [0x00000000d5900000,0x00000000d59f1830,0x00000000d5a00000)
  to   space 1024K, 0% used [0x00000000d5a00000,0x00000000d5a00000,0x00000000d5b00000)
 ParOldGen       total 858112K, used 857903K [0x0000000080000000, 0x00000000b4600000, 0x00000000d5580000)
  object space 858112K, 99% used [0x0000000080000000,0x00000000b45cbc20,0x00000000b4600000)
 Metaspace       used 80535K, committed 82112K, reserved 1179648K
  class space    used 9840K, committed 10560K, reserved 1048576K
}
Event: 735.894 GC heap after
{Heap after GC invocations=1143 (full 3):
 PSYoungGen      total 3072K, used 1024K [0x00000000d5580000, 0x00000000d5d80000, 0x0000000100000000)
  eden space 2048K, 0% used [0x00000000d5580000,0x00000000d5580000,0x00000000d5780000)
  from space 1024K, 100% used [0x00000000d5a00000,0x00000000d5b00000,0x00000000d5b00000)
  to   space 2560K, 0% used [0x00000000d5780000,0x00000000d5780000,0x00000000d5a00000)
 ParOldGen       total 859136K, used 858877K [0x0000000080000000, 0x00000000b4700000, 0x00000000d5580000)
  object space 859136K, 99% used [0x0000000080000000,0x00000000b46bf450,0x00000000b4700000)
 Metaspace       used 80535K, committed 82112K, reserved 1179648K
  class space    used 9840K, committed 10560K, reserved 1048576K
}
Event: 735.914 GC heap before
{Heap before GC invocations=1144 (full 3):
 PSYoungGen      total 3072K, used 3071K [0x00000000d5580000, 0x00000000d5d80000, 0x0000000100000000)
  eden space 2048K, 99% used [0x00000000d5580000,0x00000000d577fe70,0x00000000d5780000)
  from space 1024K, 100% used [0x00000000d5a00000,0x00000000d5b00000,0x00000000d5b00000)
  to   space 2560K, 0% used [0x00000000d5780000,0x00000000d5780000,0x00000000d5a00000)
 ParOldGen       total 859136K, used 858877K [0x0000000080000000, 0x00000000b4700000, 0x00000000d5580000)
  object space 859136K, 99% used [0x0000000080000000,0x00000000b46bf450,0x00000000b4700000)
 Metaspace       used 80537K, committed 82112K, reserved 1179648K
  class space    used 9840K, committed 10560K, reserved 1048576K
}
Event: 735.918 GC heap after
{Heap after GC invocations=1144 (full 3):
 PSYoungGen      total 2560K, used 352K [0x00000000d5580000, 0x00000000d5a80000, 0x0000000100000000)
  eden space 2048K, 0% used [0x00000000d5580000,0x00000000d5580000,0x00000000d5780000)
  from space 512K, 68% used [0x00000000d5780000,0x00000000d57d8000,0x00000000d5800000)
  to   space 1024K, 0% used [0x00000000d5980000,0x00000000d5980000,0x00000000d5a80000)
 ParOldGen       total 860160K, used 859949K [0x0000000080000000, 0x00000000b4800000, 0x00000000d5580000)
  object space 860160K, 99% used [0x0000000080000000,0x00000000b47cb460,0x00000000b4800000)
 Metaspace       used 80537K, committed 82112K, reserved 1179648K
  class space    used 9840K, committed 10560K, reserved 1048576K
}

