# JRE version: OpenJDK Runtime Environment Temurin-25.0.3+9 (25.0.3+9) (build 25.0.3+9-LTS)
# Java VM: OpenJDK 64-Bit Server VM Temurin-25.0.3+9 (25.0.3+9-LTS, mixed mode, sharing, tiered, compressed oops, compressed class ptrs, g1 gc, windows-amd64)
GC Precious Log:
 CardTable entry size: 512
 Card Set container configuration: InlinePtr #cards 4 size 8 Array Of Cards #cards 16 size 48 Howl #buckets 8 coarsen threshold 3686 Howl Bitmap #cards 512 size 80 coarsen threshold 460 Card regions per heap region 1 cards per card region 4096
 CPUs: 8 total, 8 available
 Memory: 8089M
 Large Page Support: Disabled
 NUMA Support: Disabled
 Compressed Oops: Enabled (Zero based)
 Heap Region Size: 2M
 Heap Min Capacity: 8M
 Heap Initial Capacity: 128M
 Heap Max Capacity: 4G
 Pre-touch: Disabled
 Parallel Workers: 8
 Concurrent Workers: 2
 Concurrent Refinement Workers: 8
 Periodic GC: Disabled
Heap:
 garbage-first heap   total reserved 4194304K, committed 399360K, used 175957K [0x0000000700000000, 0x0000000800000000)
  region size 2048K, 7 young (14336K), 6 survivors (12288K)
GC Heap Usage History (20 events):
Event: 45.756 {heap Before GC invocations=35 (full 0):
 garbage-first heap   total reserved 4194304K, committed 184320K, used 165437K [0x0000000700000000, 0x0000000800000000)
  region size 2048K, 28 young (57344K), 2 survivors (4096K)
}
Event: 45.769 {heap After GC invocations=36 (full 0):
 garbage-first heap   total reserved 4194304K, committed 184320K, used 116879K [0x0000000700000000, 0x0000000800000000)
  region size 2048K, 4 young (8192K), 4 survivors (8192K)
}
Event: 46.798 {heap Before GC invocations=36 (full 0):
 garbage-first heap   total reserved 4194304K, committed 184320K, used 168079K [0x0000000700000000, 0x0000000800000000)
  region size 2048K, 29 young (59392K), 4 survivors (8192K)
}
Event: 46.813 {heap After GC invocations=37 (full 0):
 garbage-first heap   total reserved 4194304K, committed 221184K, used 120773K [0x0000000700000000, 0x0000000800000000)
  region size 2048K, 2 young (4096K), 2 survivors (4096K)
}
Event: 49.032 {heap Before GC invocations=38 (full 0):
 garbage-first heap   total reserved 4194304K, committed 221184K, used 200645K [0x0000000700000000, 0x0000000800000000)
  region size 2048K, 41 young (83968K), 2 survivors (4096K)
}
Event: 49.065 {heap After GC invocations=39 (full 0):
 garbage-first heap   total reserved 4194304K, committed 223232K, used 137863K [0x0000000700000000, 0x0000000800000000)
  region size 2048K, 6 young (12288K), 6 survivors (12288K)
}
Event: 51.858 {heap Before GC invocations=39 (full 0):
 garbage-first heap   total reserved 4194304K, committed 223232K, used 195207K [0x0000000700000000, 0x0000000800000000)
  region size 2048K, 34 young (69632K), 6 survivors (12288K)
}
Event: 51.891 {heap After GC invocations=40 (full 0):
 garbage-first heap   total reserved 4194304K, committed 223232K, used 146964K [0x0000000700000000, 0x0000000800000000)
  region size 2048K, 5 young (10240K), 5 survivors (10240K)
}
Event: 53.063 {heap Before GC invocations=40 (full 0):
 garbage-first heap   total reserved 4194304K, committed 223232K, used 198164K [0x0000000700000000, 0x0000000800000000)
  region size 2048K, 30 young (61440K), 5 survivors (10240K)
}
Event: 53.080 {heap After GC invocations=41 (full 0):
 garbage-first heap   total reserved 4194304K, committed 223232K, used 155263K [0x0000000700000000, 0x0000000800000000)
  region size 2048K, 4 young (8192K), 4 survivors (8192K)
}
Event: 55.092 {heap Before GC invocations=42 (full 0):
 garbage-first heap   total reserved 4194304K, committed 260096K, used 202367K [0x0000000700000000, 0x0000000800000000)
  region size 2048K, 27 young (55296K), 4 survivors (8192K)
}
Event: 55.108 {heap After GC invocations=43 (full 0):
 garbage-first heap   total reserved 4194304K, committed 260096K, used 163655K [0x0000000700000000, 0x0000000800000000)
  region size 2048K, 4 young (8192K), 4 survivors (8192K)
}
Event: 57.139 {heap Before GC invocations=43 (full 0):
 garbage-first heap   total reserved 4194304K, committed 260096K, used 231239K [0x0000000700000000, 0x0000000800000000)
  region size 2048K, 37 young (75776K), 4 survivors (8192K)
}
Event: 57.159 {heap After GC invocations=44 (full 0):
 garbage-first heap   total reserved 4194304K, committed 260096K, used 177640K [0x0000000700000000, 0x0000000800000000)
  region size 2048K, 5 young (10240K), 5 survivors (10240K)
}
Event: 63.345 {heap Before GC invocations=44 (full 0):
 garbage-first heap   total reserved 4194304K, committed 260096K, used 232936K [0x0000000700000000, 0x0000000800000000)
  region size 2048K, 32 young (65536K), 5 survivors (10240K)
}
Event: 63.389 {heap After GC invocations=45 (full 0):
 garbage-first heap   total reserved 4194304K, committed 264192K, used 197243K [0x0000000700000000, 0x0000000800000000)
  region size 2048K, 4 young (8192K), 4 survivors (8192K)
}
Event: 64.107 {heap Before GC invocations=46 (full 0):
 garbage-first heap   total reserved 4194304K, committed 331776K, used 236155K [0x0000000700000000, 0x0000000800000000)
  region size 2048K, 23 young (47104K), 4 survivors (8192K)
}
Event: 64.120 {heap After GC invocations=47 (full 0):
 garbage-first heap   total reserved 4194304K, committed 331776K, used 203824K [0x0000000700000000, 0x0000000800000000)
  region size 2048K, 3 young (6144K), 3 survivors (6144K)
}
Event: 88.382 {heap Before GC invocations=47 (full 0):
 garbage-first heap   total reserved 4194304K, committed 331776K, used 281648K [0x0000000700000000, 0x0000000800000000)
  region size 2048K, 42 young (86016K), 3 survivors (6144K)
}
Event: 88.404 {heap After GC invocations=48 (full 0):
 garbage-first heap   total reserved 4194304K, committed 399360K, used 175957K [0x0000000700000000, 0x0000000800000000)
  region size 2048K, 6 young (12288K), 6 survivors (12288K)
}

